<?xml version="1.0" encoding="UTF-8"?>
<!-- Generated by org.testng.reporters.JUnitXMLReporter -->
<testsuite hostname="Bhavneet" ignored="0" name="TestNG Features" tests="13" failures="0" timestamp="29 Dec 2018 20:00:18 GMT" time="13.579" errors="0">
  <testcase name="test" time="0.015" classname="com.test.expectedExceptionTest"/>
  <testcase name="googleTitleTest" time="0.02" classname="com.test.GoogleTitleValidationTest"/>
  <testcase name="sum" time="0.0" classname="com.test.InvocationCountTest"/>
  <testcase name="sum" time="0.0" classname="com.test.InvocationCountTest"/>
  <testcase name="sum" time="0.0" classname="com.test.InvocationCountTest"/>
  <testcase name="sum" time="0.0" classname="com.test.InvocationCountTest"/>
  <testcase name="sum" time="0.007" classname="com.test.InvocationCountTest"/>
  <testcase name="sum" time="0.0" classname="com.test.InvocationCountTest"/>
  <testcase name="sum" time="0.0" classname="com.test.InvocationCountTest"/>
  <testcase name="sum" time="0.0" classname="com.test.InvocationCountTest"/>
  <testcase name="sum" time="0.015" classname="com.test.InvocationCountTest"/>
  <testcase name="sum" time="0.0" classname="com.test.InvocationCountTest"/>
  <testcase name="loginPageTest" time="0.019" classname="com.test.TestNGfeatures"/>
</testsuite> <!-- TestNG Features -->
