<?xml version="1.0" encoding="UTF-8"?>
<testng-results skipped="0" failed="0" ignored="0" total="13" passed="13">
  <reporter-output>
  </reporter-output>
  <suite name="TestNg Automated suite" duration-ms="13579" started-at="2018-12-29T20:00:04Z" finished-at="2018-12-29T20:00:18Z">
    <groups>
      <group name="Title">
        <method signature="TestNGbasics.googleTitleTest()[pri:2, instance:com.test.TestNGbasics@305fd85d]" name="googleTitleTest" class="com.test.TestNGbasics"/>
      </group> <!-- Title -->
      <group name="URL">
        <method signature="TestNGbasics.googlegetURL()[pri:1, instance:com.test.TestNGbasics@305fd85d]" name="googlegetURL" class="com.test.TestNGbasics"/>
      </group> <!-- URL -->
    </groups>
    <test name="TestNG Features" duration-ms="13579" started-at="2018-12-29T20:00:04Z" finished-at="2018-12-29T20:00:18Z">
      <class name="com.test.expectedExceptionTest">
        <test-method status="PASS" signature="test()[pri:0, instance:com.test.expectedExceptionTest@57e1b0c]" name="test" duration-ms="15" started-at="2018-12-29T20:00:04Z" finished-at="2018-12-29T20:00:04Z">
          <exception class="java.lang.NumberFormatException">
            <message>
              <![CDATA[For input string: "100A"]]>
            </message>
            <full-stacktrace>
              <![CDATA[java.lang.NumberFormatException: For input string: "100A"
at java.lang.NumberFormatException.forInputString(Unknown Source)
at java.lang.Integer.parseInt(Unknown Source)
at java.lang.Integer.parseInt(Unknown Source)
at com.test.expectedExceptionTest.test(expectedExceptionTest.java:11)
at sun.reflect.NativeMethodAccessorImpl.invoke0(Native Method)
at sun.reflect.NativeMethodAccessorImpl.invoke(Unknown Source)
at sun.reflect.DelegatingMethodAccessorImpl.invoke(Unknown Source)
at java.lang.reflect.Method.invoke(Unknown Source)
at org.testng.internal.MethodInvocationHelper.invokeMethod(MethodInvocationHelper.java:124)
at org.testng.internal.Invoker.invokeMethod(Invoker.java:580)
at org.testng.internal.Invoker.invokeTestMethod(Invoker.java:716)
at org.testng.internal.Invoker.invokeTestMethods(Invoker.java:988)
at org.testng.internal.TestMethodWorker.invokeTestMethods(TestMethodWorker.java:125)
at org.testng.internal.TestMethodWorker.run(TestMethodWorker.java:109)
at org.testng.TestRunner.privateRun(TestRunner.java:648)
at org.testng.TestRunner.run(TestRunner.java:505)
at org.testng.SuiteRunner.runTest(SuiteRunner.java:455)
at org.testng.SuiteRunner.runSequentially(SuiteRunner.java:450)
at org.testng.SuiteRunner.privateRun(SuiteRunner.java:415)
at org.testng.SuiteRunner.run(SuiteRunner.java:364)
at org.testng.SuiteRunnerWorker.runSuite(SuiteRunnerWorker.java:52)
at org.testng.SuiteRunnerWorker.run(SuiteRunnerWorker.java:84)
at org.testng.TestNG.runSuitesSequentially(TestNG.java:1208)
at org.testng.TestNG.runSuitesLocally(TestNG.java:1137)
at org.testng.TestNG.runSuites(TestNG.java:1049)
at org.testng.TestNG.run(TestNG.java:1017)
at org.testng.remote.AbstractRemoteTestNG.run(AbstractRemoteTestNG.java:114)
at org.testng.remote.RemoteTestNG.initAndRun(RemoteTestNG.java:251)
at org.testng.remote.RemoteTestNG.main(RemoteTestNG.java:77)
]]>
            </full-stacktrace>
          </exception> <!-- java.lang.NumberFormatException -->
          <reporter-output>
          </reporter-output>
        </test-method> <!-- test -->
      </class> <!-- com.test.expectedExceptionTest -->
      <class name="com.test.TestNGfeatures">
        <test-method status="PASS" signature="loginPageTest()[pri:0, instance:com.test.TestNGfeatures@458c1321]" name="loginPageTest" duration-ms="19" started-at="2018-12-29T20:00:18Z" finished-at="2018-12-29T20:00:18Z">
          <reporter-output>
          </reporter-output>
        </test-method> <!-- loginPageTest -->
      </class> <!-- com.test.TestNGfeatures -->
      <class name="com.test.GoogleTitleValidationTest">
        <test-method status="PASS" signature="setUp()[pri:0, instance:com.test.GoogleTitleValidationTest@4232c52b]" name="setUp" is-config="true" duration-ms="12505" started-at="2018-12-29T20:00:04Z" finished-at="2018-12-29T20:00:17Z">
          <reporter-output>
          </reporter-output>
        </test-method> <!-- setUp -->
        <test-method status="PASS" signature="googleTitleTest()[pri:0, instance:com.test.GoogleTitleValidationTest@4232c52b]" name="googleTitleTest" duration-ms="20" started-at="2018-12-29T20:00:17Z" finished-at="2018-12-29T20:00:17Z">
          <reporter-output>
          </reporter-output>
        </test-method> <!-- googleTitleTest -->
        <test-method status="PASS" signature="tearDown()[pri:0, instance:com.test.GoogleTitleValidationTest@4232c52b]" name="tearDown" is-config="true" duration-ms="947" started-at="2018-12-29T20:00:17Z" finished-at="2018-12-29T20:00:18Z">
          <reporter-output>
          </reporter-output>
        </test-method> <!-- tearDown -->
      </class> <!-- com.test.GoogleTitleValidationTest -->
      <class name="com.test.InvocationCountTest">
        <test-method status="PASS" signature="sum()[pri:0, instance:com.test.InvocationCountTest@1877ab81]" name="sum" duration-ms="0" started-at="2018-12-29T20:00:18Z" finished-at="2018-12-29T20:00:18Z">
          <reporter-output>
          </reporter-output>
        </test-method> <!-- sum -->
        <test-method status="PASS" signature="sum()[pri:0, instance:com.test.InvocationCountTest@1877ab81]" name="sum" duration-ms="0" started-at="2018-12-29T20:00:18Z" finished-at="2018-12-29T20:00:18Z">
          <reporter-output>
          </reporter-output>
        </test-method> <!-- sum -->
        <test-method status="PASS" signature="sum()[pri:0, instance:com.test.InvocationCountTest@1877ab81]" name="sum" duration-ms="0" started-at="2018-12-29T20:00:18Z" finished-at="2018-12-29T20:00:18Z">
          <reporter-output>
          </reporter-output>
        </test-method> <!-- sum -->
        <test-method status="PASS" signature="sum()[pri:0, instance:com.test.InvocationCountTest@1877ab81]" name="sum" duration-ms="0" started-at="2018-12-29T20:00:18Z" finished-at="2018-12-29T20:00:18Z">
          <reporter-output>
          </reporter-output>
        </test-method> <!-- sum -->
        <test-method status="PASS" signature="sum()[pri:0, instance:com.test.InvocationCountTest@1877ab81]" name="sum" duration-ms="7" started-at="2018-12-29T20:00:18Z" finished-at="2018-12-29T20:00:18Z">
          <reporter-output>
          </reporter-output>
        </test-method> <!-- sum -->
        <test-method status="PASS" signature="sum()[pri:0, instance:com.test.InvocationCountTest@1877ab81]" name="sum" duration-ms="0" started-at="2018-12-29T20:00:18Z" finished-at="2018-12-29T20:00:18Z">
          <reporter-output>
          </reporter-output>
        </test-method> <!-- sum -->
        <test-method status="PASS" signature="sum()[pri:0, instance:com.test.InvocationCountTest@1877ab81]" name="sum" duration-ms="15" started-at="2018-12-29T20:00:18Z" finished-at="2018-12-29T20:00:18Z">
          <reporter-output>
          </reporter-output>
        </test-method> <!-- sum -->
        <test-method status="PASS" signature="sum()[pri:0, instance:com.test.InvocationCountTest@1877ab81]" name="sum" duration-ms="0" started-at="2018-12-29T20:00:18Z" finished-at="2018-12-29T20:00:18Z">
          <reporter-output>
          </reporter-output>
        </test-method> <!-- sum -->
        <test-method status="PASS" signature="sum()[pri:0, instance:com.test.InvocationCountTest@1877ab81]" name="sum" duration-ms="0" started-at="2018-12-29T20:00:18Z" finished-at="2018-12-29T20:00:18Z">
          <reporter-output>
          </reporter-output>
        </test-method> <!-- sum -->
        <test-method status="PASS" signature="sum()[pri:0, instance:com.test.InvocationCountTest@1877ab81]" name="sum" duration-ms="0" started-at="2018-12-29T20:00:18Z" finished-at="2018-12-29T20:00:18Z">
          <reporter-output>
          </reporter-output>
        </test-method> <!-- sum -->
      </class> <!-- com.test.InvocationCountTest -->
    </test> <!-- TestNG Features -->
  </suite> <!-- TestNg Automated suite -->
</testng-results>
